#
# A fatal error has been detected by the Java Runtime Environment:
#
#  EXCEPTION_ACCESS_VIOLATION (0xc0000005) at pc=0x00000000638bcae4, pid=10020, tid=0x000000000000179c
#
# JRE version: Java(TM) SE Runtime Environment (8.0_271-b09) (build 1.8.0_271-b09)
# Java VM: Java HotSpot(TM) 64-Bit Server VM (25.271-b09 mixed mode windows-amd64 compressed oops)
# Problematic frame:
# V  [jvm.dll+0x1ecae4]
#
# Failed to write core dump. Minidumps are not enabled by default on client versions of Windows
#
# If you would like to submit a bug report, please visit:
#   http://bugreport.java.com/bugreport/crash.jsp
#

---------------  T H R E A D  ---------------

Current thread (0x000001bc385bb000):  JavaThread "http-nio-8080-exec-10" daemon [_thread_in_vm, id=6044, stack(0x000000adbc000000,0x000000adbc100000)]

siginfo: ExceptionCode=0xc0000005, reading address 0x000001bc3c4f5060

Registers:
RAX=0x000001bc385bb000, RBX=0x000001bc385bb000, RCX=0x0000000000000007, RDX=0x000000adbc0fb5f8
RSP=0x000000adbc0fb520, RBP=0x000000adbc0fb5c8, RSI=0x000001bc385bb000, RDI=0x000001bc26d88000
R8 =0x000001bc3c4f5060, R9 =0x000000000000000b, R10=0x000001bc1afe9f22, R11=0x000000006390aab0
R12=0x0000000000000000, R13=0x000001bc3392e658, R14=0x000001bc3c4f5060, R15=0x000001bc385bb000
RIP=0x00000000638bcae4, EFLAGS=0x0000000000010246

Top of Stack: (sp=0x000000adbc0fb520)
0x000000adbc0fb520:   000001bc00000000 000000adbc0fb640
0x000000adbc0fb530:   000000adbc0fb5e8 000001bc33aaceb8
0x000000adbc0fb540:   000000adbc0fb5f8 000001bc1afe9f4e
0x000000adbc0fb550:   000001bc3392e658 000000adbc0fb5c8
0x000000adbc0fb560:   0000000000000001 000001bc26d88000
0x000000adbc0fb570:   000001bc1aff6b43 000001bc385bb000
0x000000adbc0fb580:   000000adbc0fb650 000000adbc0fb588
0x000000adbc0fb590:   0000000000000000 000000adbc0fb5f8
0x000000adbc0fb5a0:   000001bc3395c890 0000000000000000
0x000000adbc0fb5b0:   000001bc3392e658 0000000000000000
0x000000adbc0fb5c0:   000000adbc0fb5e8 000000adbc0fb640
0x000000adbc0fb5d0:   000001bc1afd7a80 0000000000000000
0x000000adbc0fb5e0:   000001bc1afe2d6e 000001bc3c4f5060
0x000000adbc0fb5f0:   0000000771da7790 00000006c1000c20
0x000000adbc0fb600:   000000adbc0fb600 000001bc33aaea1b
0x000000adbc0fb610:   000000adbc0fb650 000001bc33ab2218 

Instructions: (pc=0x00000000638bcae4)
0x00000000638bcac4:   bd 05 00 c7 83 70 02 00 00 06 00 00 00 8b 0d b9
0x00000000638bcad4:   a9 59 00 ff 15 13 49 3c 00 c6 80 94 02 00 00 01
0x00000000638bcae4:   41 0f b6 2e c6 80 94 02 00 00 00 48 8b 7b 48 48
0x00000000638bcaf4:   8b 47 10 48 8b 77 08 48 83 38 00 74 19 48 8b 57 


Register to memory mapping:

RAX=0x000001bc385bb000 is a thread
RBX=0x000001bc385bb000 is a thread
RCX=0x0000000000000007 is an unknown value
RDX=0x000000adbc0fb5f8 is pointing into the stack for thread: 0x000001bc385bb000
RSP=0x000000adbc0fb520 is pointing into the stack for thread: 0x000001bc385bb000
RBP=0x000000adbc0fb5c8 is pointing into the stack for thread: 0x000001bc385bb000
RSI=0x000001bc385bb000 is a thread
RDI=0x000001bc26d88000 is an unknown value
R8 =0x000001bc3c4f5060 is an unknown value
R9 =0x000000000000000b is an unknown value
R10=0x000001bc1afe9f22 is at code_begin+962 in an Interpreter codelet
method entry point (kind = native)  [0x000001bc1afe9b60, 0x000001bc1afea600]  2720 bytes
R11=0x000000006390aab0 is an unknown value
R12=0x0000000000000000 is an unknown value
R13={method} {0x000001bc3392e660} 'getByte' '(J)B' in 'sun/misc/Unsafe'
R14=0x000001bc3c4f5060 is an unknown value
R15=0x000001bc385bb000 is a thread


Stack: [0x000000adbc000000,0x000000adbc100000],  sp=0x000000adbc0fb520,  free space=1005k
Native frames: (J=compiled Java code, j=interpreted, Vv=VM code, C=native code)
V  [jvm.dll+0x1ecae4]
C  0x000001bc1afe9f4e

Java frames: (J=compiled Java code, j=interpreted, Vv=VM code)
j  sun.misc.Unsafe.getByte(J)B+0
j  java.nio.DirectByteBuffer.get()B+11
j  org.bytedeco.javacv.Java2DFrameConverter.flipCopyWithGamma(Ljava/nio/ByteBuffer;ILjava/nio/ByteBuffer;IZDZI)V+492
j  org.bytedeco.javacv.Java2DFrameConverter.copy(Lorg/bytedeco/javacv/Frame;Ljava/awt/image/BufferedImage;DZLjava/awt/Rectangle;)V+251
j  org.bytedeco.javacv.Java2DFrameConverter.getBufferedImage(Lorg/bytedeco/javacv/Frame;DZLjava/awt/color/ColorSpace;)Ljava/awt/image/BufferedImage;+678
j  org.bytedeco.javacv.Java2DFrameConverter.getBufferedImage(Lorg/bytedeco/javacv/Frame;D)Ljava/awt/image/BufferedImage;+5
j  org.bytedeco.javacv.Java2DFrameConverter.getBufferedImage(Lorg/bytedeco/javacv/Frame;)Ljava/awt/image/BufferedImage;+3
j  org.bytedeco.javacv.Java2DFrameConverter.convert(Lorg/bytedeco/javacv/Frame;)Ljava/awt/image/BufferedImage;+2
j  com.example.youtubeTwo.services.VideoService.upload(Lorg/springframework/web/multipart/MultipartFile;)Lcom/example/youtubeTwo/dto/SrcDTO;+180
j  com.example.youtubeTwo.controller.VideoController.upload(Lorg/springframework/web/multipart/MultipartFile;)Lorg/springframework/http/ResponseEntity;+5
j  com.example.youtubeTwo.controller.VideoController$$FastClassBySpringCGLIB$$1c34d1b9.invoke(ILjava/lang/Object;[Ljava/lang/Object;)Ljava/lang/Object;+108
j  org.springframework.cglib.proxy.MethodProxy.invoke(Ljava/lang/Object;[Ljava/lang/Object;)Ljava/lang/Object;+19
j  org.springframework.aop.framework.CglibAopProxy$CglibMethodInvocation.invokeJoinpoint()Ljava/lang/Object;+19
j  org.springframework.aop.framework.ReflectiveMethodInvocation.proceed()Ljava/lang/Object;+19
j  org.springframework.aop.framework.CglibAopProxy$CglibMethodInvocation.proceed()Ljava/lang/Object;+1
j  org.springframework.security.access.intercept.aopalliance.MethodSecurityInterceptor.invoke(Lorg/aopalliance/intercept/MethodInvocation;)Ljava/lang/Object;+7
j  org.springframework.aop.framework.ReflectiveMethodInvocation.proceed()Ljava/lang/Object;+120
j  org.springframework.aop.framework.CglibAopProxy$CglibMethodInvocation.proceed()Ljava/lang/Object;+1
j  org.springframework.aop.framework.CglibAopProxy$DynamicAdvisedInterceptor.intercept(Ljava/lang/Object;Ljava/lang/reflect/Method;[Ljava/lang/Object;Lorg/springframework/cglib/proxy/MethodProxy;)Ljava/lang/Object;+133
j  com.example.youtubeTwo.controller.VideoController$$EnhancerBySpringCGLIB$$6a05036a.upload(Lorg/springframework/web/multipart/MultipartFile;)Lorg/springframework/http/ResponseEntity;+36
v  ~StubRoutines::call_stub
J 1928  sun.reflect.NativeMethodAccessorImpl.invoke0(Ljava/lang/reflect/Method;Ljava/lang/Object;[Ljava/lang/Object;)Ljava/lang/Object; (0 bytes) @ 0x000001bc1b3e367f [0x000001bc1b3e3600+0x7f]
J 1865 C1 sun.reflect.NativeMethodAccessorImpl.invoke(Ljava/lang/Object;[Ljava/lang/Object;)Ljava/lang/Object; (104 bytes) @ 0x000001bc1b3c3de4 [0x000001bc1b3c3a20+0x3c4]
J 1640 C1 sun.reflect.DelegatingMethodAccessorImpl.invoke(Ljava/lang/Object;[Ljava/lang/Object;)Ljava/lang/Object; (10 bytes) @ 0x000001bc1b36d9a4 [0x000001bc1b36d960+0x44]
J 1639 C1 java.lang.reflect.Method.invoke(Ljava/lang/Object;[Ljava/lang/Object;)Ljava/lang/Object; (62 bytes) @ 0x000001bc1b36d264 [0x000001bc1b36d160+0x104]
j  org.springframework.web.method.support.InvocableHandlerMethod.doInvoke([Ljava/lang/Object;)Ljava/lang/Object;+16
j  org.springframework.web.method.support.InvocableHandlerMethod.invokeForRequest(Lorg/springframework/web/context/request/NativeWebRequest;Lorg/springframework/web/method/support/ModelAndViewContainer;[Ljava/lang/Object;)Ljava/lang/Object;+56
j  org.springframework.web.servlet.mvc.method.annotation.ServletInvocableHandlerMethod.invokeAndHandle(Lorg/springframework/web/context/request/ServletWebRequest;Lorg/springframework/web/method/support/ModelAndViewContainer;[Ljava/lang/Object;)V+4
j  org.springframework.web.servlet.mvc.method.annotation.RequestMappingHandlerAdapter.invokeHandlerMethod(Ljavax/servlet/http/HttpServletRequest;Ljavax/servlet/http/HttpServletResponse;Lorg/springframework/web/method/HandlerMethod;)Lorg/springframework/web/servlet/ModelAndView;+244
j  org.springframework.web.servlet.mvc.method.annotation.RequestMappingHandlerAdapter.handleInternal(Ljavax/servlet/http/HttpServletRequest;Ljavax/servlet/http/HttpServletResponse;Lorg/springframework/web/method/HandlerMethod;)Lorg/springframework/web/servlet/ModelAndView;+81
j  org.springframework.web.servlet.mvc.method.AbstractHandlerMethodAdapter.handle(Ljavax/servlet/http/HttpServletRequest;Ljavax/servlet/http/HttpServletResponse;Ljava/lang/Object;)Lorg/springframework/web/servlet/ModelAndView;+7
j  org.springframework.web.servlet.DispatcherServlet.doDispatch(Ljavax/servlet/http/HttpServletRequest;Ljavax/servlet/http/HttpServletResponse;)V+257
j  org.springframework.web.servlet.DispatcherServlet.doService(Ljavax/servlet/http/HttpServletRequest;Ljavax/servlet/http/HttpServletResponse;)V+212
j  org.springframework.web.servlet.FrameworkServlet.processRequest(Ljavax/servlet/http/HttpServletRequest;Ljavax/servlet/http/HttpServletResponse;)V+71
j  org.springframework.web.servlet.FrameworkServlet.doPost(Ljavax/servlet/http/HttpServletRequest;Ljavax/servlet/http/HttpServletResponse;)V+3
j  javax.servlet.http.HttpServlet.service(Ljavax/servlet/http/HttpServletRequest;Ljavax/servlet/http/HttpServletResponse;)V+149
j  org.springframework.web.servlet.FrameworkServlet.service(Ljavax/servlet/http/HttpServletRequest;Ljavax/servlet/http/HttpServletResponse;)V+33
j  javax.servlet.http.HttpServlet.service(Ljavax/servlet/ServletRequest;Ljavax/servlet/ServletResponse;)V+36
j  org.apache.catalina.core.ApplicationFilterChain.internalDoFilter(Ljavax/servlet/ServletRequest;Ljavax/servlet/ServletResponse;)V+304
j  org.apache.catalina.core.ApplicationFilterChain.doFilter(Ljavax/servlet/ServletRequest;Ljavax/servlet/ServletResponse;)V+101
j  org.apache.tomcat.websocket.server.WsFilter.doFilter(Ljavax/servlet/ServletRequest;Ljavax/servlet/ServletResponse;Ljavax/servlet/FilterChain;)V+21
j  org.apache.catalina.core.ApplicationFilterChain.internalDoFilter(Ljavax/servlet/ServletRequest;Ljavax/servlet/ServletResponse;)V+135
j  org.apache.catalina.core.ApplicationFilterChain.doFilter(Ljavax/servlet/ServletRequest;Ljavax/servlet/ServletResponse;)V+101
j  org.springframework.web.filter.CorsFilter.doFilterInternal(Ljavax/servlet/http/HttpServletRequest;Ljavax/servlet/http/HttpServletResponse;Ljavax/servlet/FilterChain;)V+43
j  org.springframework.web.filter.OncePerRequestFilter.doFilter(Ljavax/servlet/ServletRequest;Ljavax/servlet/ServletResponse;Ljavax/servlet/FilterChain;)V+147
j  org.apache.catalina.core.ApplicationFilterChain.internalDoFilter(Ljavax/servlet/ServletRequest;Ljavax/servlet/ServletResponse;)V+135
j  org.apache.catalina.core.ApplicationFilterChain.doFilter(Ljavax/servlet/ServletRequest;Ljavax/servlet/ServletResponse;)V+101
j  org.springframework.security.web.FilterChainProxy$VirtualFilterChain.doFilter(Ljavax/servlet/ServletRequest;Ljavax/servlet/ServletResponse;)V+68
j  org.springframework.security.web.access.intercept.FilterSecurityInterceptor.invoke(Lorg/springframework/security/web/FilterInvocation;)V+94
j  org.springframework.security.web.access.intercept.FilterSecurityInterceptor.doFilter(Ljavax/servlet/ServletRequest;Ljavax/servlet/ServletResponse;Ljavax/servlet/FilterChain;)V+15
j  org.springframework.security.web.FilterChainProxy$VirtualFilterChain.doFilter(Ljavax/servlet/ServletRequest;Ljavax/servlet/ServletResponse;)V+192
j  org.springframework.security.web.access.ExceptionTranslationFilter.doFilter(Ljavax/servlet/ServletRequest;Ljavax/servlet/ServletResponse;Ljavax/servlet/FilterChain;)V+17
j  org.springframework.security.web.FilterChainProxy$VirtualFilterChain.doFilter(Ljavax/servlet/ServletRequest;Ljavax/servlet/ServletResponse;)V+192
j  org.springframework.security.web.session.SessionManagementFilter.doFilter(Ljavax/servlet/ServletRequest;Ljavax/servlet/ServletResponse;Ljavax/servlet/FilterChain;)V+258
j  org.springframework.security.web.FilterChainProxy$VirtualFilterChain.doFilter(Ljavax/servlet/ServletRequest;Ljavax/servlet/ServletResponse;)V+192
j  org.springframework.security.web.authentication.AnonymousAuthenticationFilter.doFilter(Ljavax/servlet/ServletRequest;Ljavax/servlet/ServletResponse;Ljavax/servlet/FilterChain;)V+137
j  org.springframework.security.web.FilterChainProxy$VirtualFilterChain.doFilter(Ljavax/servlet/ServletRequest;Ljavax/servlet/ServletResponse;)V+192
j  org.springframework.security.web.servletapi.SecurityContextHolderAwareRequestFilter.doFilter(Ljavax/servlet/ServletRequest;Ljavax/servlet/ServletResponse;Ljavax/servlet/FilterChain;)V+19
j  org.springframework.security.web.FilterChainProxy$VirtualFilterChain.doFilter(Ljavax/servlet/ServletRequest;Ljavax/servlet/ServletResponse;)V+192
j  org.springframework.security.web.savedrequest.RequestCacheAwareFilter.doFilter(Ljavax/servlet/ServletRequest;Ljavax/servlet/ServletResponse;Ljavax/servlet/FilterChain;)V+32
j  org.springframework.security.web.FilterChainProxy$VirtualFilterChain.doFilter(Ljavax/servlet/ServletRequest;Ljavax/servlet/ServletResponse;)V+192
j  com.example.youtubeTwo.security.auth.TokenAuthenticationFilter.doFilterInternal(Ljavax/servlet/http/HttpServletRequest;Ljavax/servlet/http/HttpServletResponse;Ljavax/servlet/FilterChain;)V+92
j  org.springframework.web.filter.OncePerRequestFilter.doFilter(Ljavax/servlet/ServletRequest;Ljavax/servlet/ServletResponse;Ljavax/servlet/FilterChain;)V+147
j  org.springframework.security.web.FilterChainProxy$VirtualFilterChain.doFilter(Ljavax/servlet/ServletRequest;Ljavax/servlet/ServletResponse;)V+192
j  org.springframework.security.web.authentication.logout.LogoutFilter.doFilter(Ljavax/servlet/ServletRequest;Ljavax/servlet/ServletResponse;Ljavax/servlet/FilterChain;)V+115
j  org.springframework.security.web.FilterChainProxy$VirtualFilterChain.doFilter(Ljavax/servlet/ServletRequest;Ljavax/servlet/ServletResponse;)V+192
j  org.springframework.security.web.header.HeaderWriterFilter.doHeadersAfter(Ljavax/servlet/http/HttpServletRequest;Ljavax/servlet/http/HttpServletResponse;Ljavax/servlet/FilterChain;)V+29
j  org.springframework.security.web.header.HeaderWriterFilter.doFilterInternal(Ljavax/servlet/http/HttpServletRequest;Ljavax/servlet/http/HttpServletResponse;Ljavax/servlet/FilterChain;)V+21
j  org.springframework.web.filter.OncePerRequestFilter.doFilter(Ljavax/servlet/ServletRequest;Ljavax/servlet/ServletResponse;Ljavax/servlet/FilterChain;)V+147
j  org.springframework.security.web.FilterChainProxy$VirtualFilterChain.doFilter(Ljavax/servlet/ServletRequest;Ljavax/servlet/ServletResponse;)V+192
j  org.springframework.security.web.context.SecurityContextPersistenceFilter.doFilter(Ljavax/servlet/ServletRequest;Ljavax/servlet/ServletResponse;Ljavax/servlet/FilterChain;)V+165
j  org.springframework.security.web.FilterChainProxy$VirtualFilterChain.doFilter(Ljavax/servlet/ServletRequest;Ljavax/servlet/ServletResponse;)V+192
j  org.springframework.security.web.context.request.async.WebAsyncManagerIntegrationFilter.doFilterInternal(Ljavax/servlet/http/HttpServletRequest;Ljavax/servlet/http/HttpServletResponse;Ljavax/servlet/FilterChain;)V+42
j  org.springframework.web.filter.OncePerRequestFilter.doFilter(Ljavax/servlet/ServletRequest;Ljavax/servlet/ServletResponse;Ljavax/servlet/FilterChain;)V+147
j  org.springframework.security.web.FilterChainProxy$VirtualFilterChain.doFilter(Ljavax/servlet/ServletRequest;Ljavax/servlet/ServletResponse;)V+192
j  org.springframework.security.web.FilterChainProxy.doFilterInternal(Ljavax/servlet/ServletRequest;Ljavax/servlet/ServletResponse;Ljavax/servlet/FilterChain;)V+142
j  org.springframework.security.web.FilterChainProxy.doFilter(Ljavax/servlet/ServletRequest;Ljavax/servlet/ServletResponse;Ljavax/servlet/FilterChain;)V+40
j  org.springframework.web.filter.DelegatingFilterProxy.invokeDelegate(Ljavax/servlet/Filter;Ljavax/servlet/ServletRequest;Ljavax/servlet/ServletResponse;Ljavax/servlet/FilterChain;)V+5
j  org.springframework.web.filter.DelegatingFilterProxy.doFilter(Ljavax/servlet/ServletRequest;Ljavax/servlet/ServletResponse;Ljavax/servlet/FilterChain;)V+85
j  org.apache.catalina.core.ApplicationFilterChain.internalDoFilter(Ljavax/servlet/ServletRequest;Ljavax/servlet/ServletResponse;)V+135
j  org.apache.catalina.core.ApplicationFilterChain.doFilter(Ljavax/servlet/ServletRequest;Ljavax/servlet/ServletResponse;)V+101
j  org.springframework.web.filter.RequestContextFilter.doFilterInternal(Ljavax/servlet/http/HttpServletRequest;Ljavax/servlet/http/HttpServletResponse;Ljavax/servlet/FilterChain;)V+21
j  org.springframework.web.filter.OncePerRequestFilter.doFilter(Ljavax/servlet/ServletRequest;Ljavax/servlet/ServletResponse;Ljavax/servlet/FilterChain;)V+147
j  org.apache.catalina.core.ApplicationFilterChain.internalDoFilter(Ljavax/servlet/ServletRequest;Ljavax/servlet/ServletResponse;)V+135
j  org.apache.catalina.core.ApplicationFilterChain.doFilter(Ljavax/servlet/ServletRequest;Ljavax/servlet/ServletResponse;)V+101
j  org.springframework.web.filter.FormContentFilter.doFilterInternal(Ljavax/servlet/http/HttpServletRequest;Ljavax/servlet/http/HttpServletResponse;Ljavax/servlet/FilterChain;)V+38
j  org.springframework.web.filter.OncePerRequestFilter.doFilter(Ljavax/servlet/ServletRequest;Ljavax/servlet/ServletResponse;Ljavax/servlet/FilterChain;)V+147
j  org.apache.catalina.core.ApplicationFilterChain.internalDoFilter(Ljavax/servlet/ServletRequest;Ljavax/servlet/ServletResponse;)V+135
j  org.apache.catalina.core.ApplicationFilterChain.doFilter(Ljavax/servlet/ServletRequest;Ljavax/servlet/ServletResponse;)V+101
j  org.springframework.web.filter.CharacterEncodingFilter.doFilterInternal(Ljavax/servlet/http/HttpServletRequest;Ljavax/servlet/http/HttpServletResponse;Ljavax/servlet/FilterChain;)V+53
j  org.springframework.web.filter.OncePerRequestFilter.doFilter(Ljavax/servlet/ServletRequest;Ljavax/servlet/ServletResponse;Ljavax/servlet/FilterChain;)V+147
j  org.apache.catalina.core.ApplicationFilterChain.internalDoFilter(Ljavax/servlet/ServletRequest;Ljavax/servlet/ServletResponse;)V+135
j  org.apache.catalina.core.ApplicationFilterChain.doFilter(Ljavax/servlet/ServletRequest;Ljavax/servlet/ServletResponse;)V+101
j  org.apache.catalina.core.StandardWrapperValve.invoke(Lorg/apache/catalina/connector/Request;Lorg/apache/catalina/connector/Response;)V+694
j  org.apache.catalina.core.StandardContextValve.invoke(Lorg/apache/catalina/connector/Request;Lorg/apache/catalina/connector/Response;)V+169
j  org.apache.catalina.authenticator.AuthenticatorBase.invoke(Lorg/apache/catalina/connector/Request;Lorg/apache/catalina/connector/Response;)V+260
j  org.apache.catalina.core.StandardHostValve.invoke(Lorg/apache/catalina/connector/Request;Lorg/apache/catalina/connector/Response;)V+128
j  org.apache.catalina.valves.ErrorReportValve.invoke(Lorg/apache/catalina/connector/Request;Lorg/apache/catalina/connector/Response;)V+6
j  org.apache.catalina.core.StandardEngineValve.invoke(Lorg/apache/catalina/connector/Request;Lorg/apache/catalina/connector/Response;)V+59
j  org.apache.catalina.connector.CoyoteAdapter.service(Lorg/apache/coyote/Request;Lorg/apache/coyote/Response;)V+199
j  org.apache.coyote.http11.Http11Processor.service(Lorg/apache/tomcat/util/net/SocketWrapperBase;)Lorg/apache/tomcat/util/net/AbstractEndpoint$Handler$SocketState;+735
j  org.apache.coyote.AbstractProcessorLight.process(Lorg/apache/tomcat/util/net/SocketWrapperBase;Lorg/apache/tomcat/util/net/SocketEvent;)Lorg/apache/tomcat/util/net/AbstractEndpoint$Handler$SocketState;+170
j  org.apache.coyote.AbstractProtocol$ConnectionHandler.process(Lorg/apache/tomcat/util/net/SocketWrapperBase;Lorg/apache/tomcat/util/net/SocketEvent;)Lorg/apache/tomcat/util/net/AbstractEndpoint$Handler$SocketState;+505
j  org.apache.tomcat.util.net.NioEndpoint$SocketProcessor.doRun()V+214
j  org.apache.tomcat.util.net.SocketProcessorBase.run()V+21
j  java.util.concurrent.ThreadPoolExecutor.runWorker(Ljava/util/concurrent/ThreadPoolExecutor$Worker;)V+95
j  java.util.concurrent.ThreadPoolExecutor$Worker.run()V+5
j  org.apache.tomcat.util.threads.TaskThread$WrappingRunnable.run()V+4
j  java.lang.Thread.run()V+11
v  ~StubRoutines::call_stub

---------------  P R O C E S S  ---------------

Java Threads: ( => current thread )
  0x000001bc385bf800 JavaThread "JavaCPP Deallocator" daemon [_thread_blocked, id=6064, stack(0x000000adbb500000,0x000000adbb600000)]
  0x000001bc385bf000 JavaThread "RMI TCP Connection(2)-192.168.0.20" daemon [_thread_in_native, id=10760, stack(0x000000adbc400000,0x000000adbc500000)]
  0x000001bc385c0800 JavaThread "DestroyJavaVM" [_thread_blocked, id=8260, stack(0x000000adb9600000,0x000000adb9700000)]
  0x000001bc385be000 JavaThread "task-2" [_thread_blocked, id=284, stack(0x000000adbc300000,0x000000adbc400000)]
  0x000001bc385c2800 JavaThread "http-nio-8080-Acceptor" daemon [_thread_in_native, id=19328, stack(0x000000adbc200000,0x000000adbc300000)]
  0x000001bc385bd000 JavaThread "http-nio-8080-ClientPoller" daemon [_thread_in_native, id=18284, stack(0x000000adbc100000,0x000000adbc200000)]
=>0x000001bc385bb000 JavaThread "http-nio-8080-exec-10" daemon [_thread_in_vm, id=6044, stack(0x000000adbc000000,0x000000adbc100000)]
  0x000001bc385c2000 JavaThread "http-nio-8080-exec-9" daemon [_thread_blocked, id=10888, stack(0x000000adbbf00000,0x000000adbc000000)]
  0x000001bc385c1000 JavaThread "http-nio-8080-exec-8" daemon [_thread_blocked, id=8048, stack(0x000000adbbe00000,0x000000adbbf00000)]
  0x000001bc36402000 JavaThread "http-nio-8080-exec-7" daemon [_thread_blocked, id=3608, stack(0x000000adbbd00000,0x000000adbbe00000)]
  0x000001bc36406800 JavaThread "http-nio-8080-exec-6" daemon [_thread_blocked, id=532, stack(0x000000adbbc00000,0x000000adbbd00000)]
  0x000001bc36403800 JavaThread "http-nio-8080-exec-5" daemon [_thread_blocked, id=11668, stack(0x000000adbbb00000,0x000000adbbc00000)]
  0x000001bc36407800 JavaThread "http-nio-8080-exec-4" daemon [_thread_blocked, id=4596, stack(0x000000adbba00000,0x000000adbbb00000)]
  0x000001bc36405000 JavaThread "http-nio-8080-exec-3" daemon [_thread_blocked, id=2676, stack(0x000000adbb900000,0x000000adbba00000)]
  0x000001bc36403000 JavaThread "http-nio-8080-exec-2" daemon [_thread_blocked, id=9004, stack(0x000000adbb800000,0x000000adbb900000)]
  0x000001bc36406000 JavaThread "http-nio-8080-exec-1" daemon [_thread_blocked, id=5060, stack(0x000000adbb700000,0x000000adbb800000)]
  0x000001bc36401800 JavaThread "http-nio-8080-BlockPoller" daemon [_thread_in_native, id=12988, stack(0x000000adbb600000,0x000000adbb700000)]
  0x000001bc36408000 JavaThread "HikariPool-1 housekeeper" daemon [_thread_blocked, id=5588, stack(0x000000adbb400000,0x000000adbb500000)]
  0x000001bc380a1800 JavaThread "container-0" [_thread_blocked, id=6476, stack(0x000000adbb200000,0x000000adbb300000)]
  0x000001bc3809e800 JavaThread "Catalina-utility-2" [_thread_blocked, id=11780, stack(0x000000adbb100000,0x000000adbb200000)]
  0x000001bc38042000 JavaThread "Catalina-utility-1" [_thread_blocked, id=4652, stack(0x000000adbb000000,0x000000adbb100000)]
  0x000001bc37fbc000 JavaThread "task-1" [_thread_blocked, id=20432, stack(0x000000adbaf00000,0x000000adbb000000)]
  0x000001bc37e83000 JavaThread "mysql-cj-abandoned-connection-cleanup" daemon [_thread_blocked, id=964, stack(0x000000adbae00000,0x000000adbaf00000)]
  0x000001bc37c45000 JavaThread "RMI Scheduler(0)" daemon [_thread_blocked, id=13004, stack(0x000000adbad00000,0x000000adbae00000)]
  0x000001bc37c17800 JavaThread "RMI TCP Connection(1)-192.168.0.20" daemon [_thread_in_native, id=1852, stack(0x000000adbac00000,0x000000adbad00000)]
  0x000001bc369d1000 JavaThread "RMI TCP Accept-0" daemon [_thread_in_native, id=15252, stack(0x000000adbaa00000,0x000000adbab00000)]
  0x000001bc3677c800 JavaThread "Service Thread" daemon [_thread_blocked, id=19076, stack(0x000000adba900000,0x000000adbaa00000)]
  0x000001bc366ee800 JavaThread "C1 CompilerThread3" daemon [_thread_blocked, id=8548, stack(0x000000adba800000,0x000000adba900000)]
  0x000001bc366e9000 JavaThread "C2 CompilerThread2" daemon [_thread_blocked, id=14972, stack(0x000000adba700000,0x000000adba800000)]
  0x000001bc366dc000 JavaThread "C2 CompilerThread1" daemon [_thread_blocked, id=19532, stack(0x000000adba600000,0x000000adba700000)]
  0x000001bc366db000 JavaThread "C2 CompilerThread0" daemon [_thread_blocked, id=20028, stack(0x000000adba500000,0x000000adba600000)]
  0x000001bc366d9000 JavaThread "Monitor Ctrl-Break" daemon [_thread_in_native, id=11168, stack(0x000000adba400000,0x000000adba500000)]
  0x000001bc3434d800 JavaThread "Attach Listener" daemon [_thread_blocked, id=20356, stack(0x000000adba300000,0x000000adba400000)]
  0x000001bc3434c800 JavaThread "Signal Dispatcher" daemon [_thread_blocked, id=9600, stack(0x000000adba200000,0x000000adba300000)]
  0x000001bc34321000 JavaThread "Finalizer" daemon [_thread_blocked, id=12676, stack(0x000000adba100000,0x000000adba200000)]
  0x000001bc34319800 JavaThread "Reference Handler" daemon [_thread_blocked, id=19768, stack(0x000000adba000000,0x000000adba100000)]

Other Threads:
  0x000001bc342f0800 VMThread [stack: 0x000000adb9f00000,0x000000adba000000] [id=12112]
  0x000001bc369dd800 WatcherThread [stack: 0x000000adbab00000,0x000000adbac00000] [id=7412]

VM state:not at safepoint (normal execution)

VM Mutex/Monitor currently owned by a thread: None

heap address: 0x00000006c1000000, size: 4080 MB, Compressed Oops mode: Zero based, Oop shift amount: 3
Narrow klass base: 0x0000000000000000, Narrow klass shift: 3
Compressed class space size: 1073741824 Address: 0x00000007c0000000

Heap:
 PSYoungGen      total 281088K, used 114863K [0x000000076b000000, 0x000000077df80000, 0x00000007c0000000)
  eden space 264704K, 43% used [0x000000076b000000,0x000000077202be68,0x000000077b280000)
  from space 16384K, 0% used [0x000000077cf80000,0x000000077cf80000,0x000000077df80000)
  to   space 18944K, 0% used [0x000000077ba80000,0x000000077ba80000,0x000000077cd00000)
 ParOldGen       total 236032K, used 26487K [0x00000006c1000000, 0x00000006cf680000, 0x000000076b000000)
  object space 236032K, 11% used [0x00000006c1000000,0x00000006c29ddf88,0x00000006cf680000)
 Metaspace       used 58587K, capacity 61767K, committed 61976K, reserved 1101824K
  class space    used 8076K, capacity 8642K, committed 8744K, reserved 1048576K

Card table byte_map: [0x000001bc2a390000,0x000001bc2ab90000] byte_map_base: 0x000001bc26d88000

Marking Bits: (ParMarkBitMap*) 0x0000000063ec7fe0
 Begin Bits: [0x000001bc2b0e0000, 0x000001bc2f0a0000)
 End Bits:   [0x000001bc2f0a0000, 0x000001bc33060000)

Polling page: 0x000001bc19980000

CodeCache: size=245760Kb used=10345Kb max_used=10345Kb free=235414Kb
 bounds [0x000001bc1afd0000, 0x000001bc1b9f0000, 0x000001bc29fd0000]
 total_blobs=6058 nmethods=5430 adapters=539
 compilation: enabled

Compilation events (10 events):
Event: 15.727 Thread 0x000001bc366ee800 5427   !   1       com.sun.proxy.$Proxy122::cinclude (29 bytes)
Event: 15.727 Thread 0x000001bc366ee800 nmethod 5427 0x000001bc1b9e6f50 code [0x000001bc1b9e70c0, 0x000001bc1b9e7300]
Event: 15.727 Thread 0x000001bc366ee800 5428   !   1       com.sun.proxy.$Proxy122::link (29 bytes)
Event: 15.727 Thread 0x000001bc366ee800 nmethod 5428 0x000001bc1b9e7450 code [0x000001bc1b9e75c0, 0x000001bc1b9e7800]
Event: 15.773 Thread 0x000001bc366ee800 5429       1       org.bytedeco.javacpp.tools.Logger::isDebugEnabled (4 bytes)
Event: 15.773 Thread 0x000001bc366ee800 nmethod 5429 0x000001bc1b9e7950 code [0x000001bc1b9e7aa0, 0x000001bc1b9e7bb8]
Event: 15.790 Thread 0x000001bc366ee800 5430   !   1       com.sun.proxy.$Proxy122::includepath (29 bytes)
Event: 15.790 Thread 0x000001bc366ee800 nmethod 5430 0x000001bc1b9e7c10 code [0x000001bc1b9e7d80, 0x000001bc1b9e7fc0]
Event: 15.797 Thread 0x000001bc366ee800 5431       1       java.net.URL::toURI (54 bytes)
Event: 15.797 Thread 0x000001bc366ee800 nmethod 5431 0x000001bc1b9e8110 code [0x000001bc1b9e82e0, 0x000001bc1b9e86e0]

GC Heap History (10 events):
Event: 1.739 GC heap before
{Heap before GC invocations=7 (full 1):
 PSYoungGen      total 141824K, used 124526K [0x000000076b000000, 0x0000000778a80000, 0x00000007c0000000)
  eden space 131072K, 88% used [0x000000076b000000,0x00000007720e8498,0x0000000773000000)
  from space 10752K, 82% used [0x0000000773000000,0x00000007738b3508,0x0000000773a80000)
  to   space 9728K, 0% used [0x0000000778100000,0x0000000778100000,0x0000000778a80000)
 ParOldGen       total 100352K, used 7940K [0x00000006c1000000, 0x00000006c7200000, 0x000000076b000000)
  object space 100352K, 7% used [0x00000006c1000000,0x00000006c17c11b0,0x00000006c7200000)
 Metaspace       used 33537K, capacity 35438K, committed 35496K, reserved 1079296K
  class space    used 4662K, capacity 5031K, committed 5032K, reserved 1048576K
Event: 1.743 GC heap after
Heap after GC invocations=7 (full 1):
 PSYoungGen      total 211456K, used 9698K [0x000000076b000000, 0x0000000778d80000, 0x00000007c0000000)
  eden space 201728K, 0% used [0x000000076b000000,0x000000076b000000,0x0000000777500000)
  from space 9728K, 99% used [0x0000000778100000,0x0000000778a78af0,0x0000000778a80000)
  to   space 12288K, 0% used [0x0000000777500000,0x0000000777500000,0x0000000778100000)
 ParOldGen       total 100352K, used 10850K [0x00000006c1000000, 0x00000006c7200000, 0x000000076b000000)
  object space 100352K, 10% used [0x00000006c1000000,0x00000006c1a98a60,0x00000006c7200000)
 Metaspace       used 33537K, capacity 35438K, committed 35496K, reserved 1079296K
  class space    used 4662K, capacity 5031K, committed 5032K, reserved 1048576K
}
Event: 1.743 GC heap before
{Heap before GC invocations=8 (full 2):
 PSYoungGen      total 211456K, used 9698K [0x000000076b000000, 0x0000000778d80000, 0x00000007c0000000)
  eden space 201728K, 0% used [0x000000076b000000,0x000000076b000000,0x0000000777500000)
  from space 9728K, 99% used [0x0000000778100000,0x0000000778a78af0,0x0000000778a80000)
  to   space 12288K, 0% used [0x0000000777500000,0x0000000777500000,0x0000000778100000)
 ParOldGen       total 100352K, used 10850K [0x00000006c1000000, 0x00000006c7200000, 0x000000076b000000)
  object space 100352K, 10% used [0x00000006c1000000,0x00000006c1a98a60,0x00000006c7200000)
 Metaspace       used 33537K, capacity 35438K, committed 35496K, reserved 1079296K
  class space    used 4662K, capacity 5031K, committed 5032K, reserved 1048576K
Event: 1.774 GC heap after
Heap after GC invocations=8 (full 2):
 PSYoungGen      total 211456K, used 0K [0x000000076b000000, 0x0000000778d80000, 0x00000007c0000000)
  eden space 201728K, 0% used [0x000000076b000000,0x000000076b000000,0x0000000777500000)
  from space 9728K, 0% used [0x0000000778100000,0x0000000778100000,0x0000000778a80000)
  to   space 12288K, 0% used [0x0000000777500000,0x0000000777500000,0x0000000778100000)
 ParOldGen       total 167936K, used 18151K [0x00000006c1000000, 0x00000006cb400000, 0x000000076b000000)
  object space 167936K, 10% used [0x00000006c1000000,0x00000006c21b9c58,0x00000006cb400000)
 Metaspace       used 33537K, capacity 35438K, committed 35496K, reserved 1079296K
  class space    used 4662K, capacity 5031K, committed 5032K, reserved 1048576K
}
Event: 2.439 GC heap before
{Heap before GC invocations=9 (full 2):
 PSYoungGen      total 211456K, used 201728K [0x000000076b000000, 0x0000000778d80000, 0x00000007c0000000)
  eden space 201728K, 100% used [0x000000076b000000,0x0000000777500000,0x0000000777500000)
  from space 9728K, 0% used [0x0000000778100000,0x0000000778100000,0x0000000778a80000)
  to   space 12288K, 0% used [0x0000000777500000,0x0000000777500000,0x0000000778100000)
 ParOldGen       total 167936K, used 18151K [0x00000006c1000000, 0x00000006cb400000, 0x000000076b000000)
  object space 167936K, 10% used [0x00000006c1000000,0x00000006c21b9c58,0x00000006cb400000)
 Metaspace       used 48665K, capacity 51298K, committed 51368K, reserved 1093632K
  class space    used 6820K, capacity 7304K, committed 7336K, reserved 1048576K
Event: 2.447 GC heap after
Heap after GC invocations=9 (full 2):
 PSYoungGen      total 214016K, used 12263K [0x000000076b000000, 0x000000077e080000, 0x00000007c0000000)
  eden space 201728K, 0% used [0x000000076b000000,0x000000076b000000,0x0000000777500000)
  from space 12288K, 99% used [0x0000000777500000,0x00000007780f9c48,0x0000000778100000)
  to   space 17408K, 0% used [0x000000077cf80000,0x000000077cf80000,0x000000077e080000)
 ParOldGen       total 167936K, used 26066K [0x00000006c1000000, 0x00000006cb400000, 0x000000076b000000)
  object space 167936K, 15% used [0x00000006c1000000,0x00000006c2974880,0x00000006cb400000)
 Metaspace       used 48665K, capacity 51298K, committed 51368K, reserved 1093632K
  class space    used 6820K, capacity 7304K, committed 7336K, reserved 1048576K
}
Event: 8.615 GC heap before
{Heap before GC invocations=10 (full 2):
 PSYoungGen      total 214016K, used 130331K [0x000000076b000000, 0x000000077e080000, 0x00000007c0000000)
  eden space 201728K, 58% used [0x000000076b000000,0x000000077234cfc0,0x0000000777500000)
  from space 12288K, 99% used [0x0000000777500000,0x00000007780f9c48,0x0000000778100000)
  to   space 17408K, 0% used [0x000000077cf80000,0x000000077cf80000,0x000000077e080000)
 ParOldGen       total 167936K, used 26066K [0x00000006c1000000, 0x00000006cb400000, 0x000000076b000000)
  object space 167936K, 15% used [0x00000006c1000000,0x00000006c2974880,0x00000006cb400000)
 Metaspace       used 55799K, capacity 58977K, committed 59160K, reserved 1099776K
  class space    used 7699K, capacity 8232K, committed 8232K, reserved 1048576K
Event: 8.621 GC heap after
Heap after GC invocations=10 (full 2):
 PSYoungGen      total 281088K, used 15907K [0x000000076b000000, 0x000000077df80000, 0x00000007c0000000)
  eden space 264704K, 0% used [0x000000076b000000,0x000000076b000000,0x000000077b280000)
  from space 16384K, 97% used [0x000000077cf80000,0x000000077df08c48,0x000000077df80000)
  to   space 18944K, 0% used [0x000000077ba80000,0x000000077ba80000,0x000000077cd00000)
 ParOldGen       total 167936K, used 26074K [0x00000006c1000000, 0x00000006cb400000, 0x000000076b000000)
  object space 167936K, 15% used [0x00000006c1000000,0x00000006c2976880,0x00000006cb400000)
 Metaspace       used 55799K, capacity 58977K, committed 59160K, reserved 1099776K
  class space    used 7699K, capacity 8232K, committed 8232K, reserved 1048576K
}
Event: 8.621 GC heap before
{Heap before GC invocations=11 (full 3):
 PSYoungGen      total 281088K, used 15907K [0x000000076b000000, 0x000000077df80000, 0x00000007c0000000)
  eden space 264704K, 0% used [0x000000076b000000,0x000000076b000000,0x000000077b280000)
  from space 16384K, 97% used [0x000000077cf80000,0x000000077df08c48,0x000000077df80000)
  to   space 18944K, 0% used [0x000000077ba80000,0x000000077ba80000,0x000000077cd00000)
 ParOldGen       total 167936K, used 26074K [0x00000006c1000000, 0x00000006cb400000, 0x000000076b000000)
  object space 167936K, 15% used [0x00000006c1000000,0x00000006c2976880,0x00000006cb400000)
 Metaspace       used 55799K, capacity 58977K, committed 59160K, reserved 1099776K
  class space    used 7699K, capacity 8232K, committed 8232K, reserved 1048576K
Event: 8.678 GC heap after
Heap after GC invocations=11 (full 3):
 PSYoungGen      total 281088K, used 0K [0x000000076b000000, 0x000000077df80000, 0x00000007c0000000)
  eden space 264704K, 0% used [0x000000076b000000,0x000000076b000000,0x000000077b280000)
  from space 16384K, 0% used [0x000000077cf80000,0x000000077cf80000,0x000000077df80000)
  to   space 18944K, 0% used [0x000000077ba80000,0x000000077ba80000,0x000000077cd00000)
 ParOldGen       total 236032K, used 26487K [0x00000006c1000000, 0x00000006cf680000, 0x000000076b000000)
  object space 236032K, 11% used [0x00000006c1000000,0x00000006c29ddf88,0x00000006cf680000)
 Metaspace       used 55797K, capacity 58971K, committed 59160K, reserved 1099776K
  class space    used 7699K, capacity 8231K, committed 8232K, reserved 1048576K
}

Deoptimization events (0 events):
No events

Classes redefined (0 events):
No events

Internal exceptions (10 events):
Event: 3.729 Thread 0x000001bc36407800 Exception <a 'java/lang/ArrayIndexOutOfBoundsException'> (0x0000000770bc3c58) thrown at [C:\jenkins\workspace\8-2-build-windows-amd64-cygwin\jdk8u271\605\hotspot\src\share\vm\runtime\sharedRuntime.cpp, line 609]
Event: 3.729 Thread 0x000001bc36407800 Exception <a 'java/lang/ArrayIndexOutOfBoundsException'> (0x0000000770bc6418) thrown at [C:\jenkins\workspace\8-2-build-windows-amd64-cygwin\jdk8u271\605\hotspot\src\share\vm\runtime\sharedRuntime.cpp, line 609]
Event: 3.729 Thread 0x000001bc36407800 Exception <a 'java/lang/ArrayIndexOutOfBoundsException'> (0x0000000770bc85c8) thrown at [C:\jenkins\workspace\8-2-build-windows-amd64-cygwin\jdk8u271\605\hotspot\src\share\vm\runtime\sharedRuntime.cpp, line 609]
Event: 3.729 Thread 0x000001bc36407800 Exception <a 'java/lang/ArrayIndexOutOfBoundsException'> (0x0000000770bcb1b0) thrown at [C:\jenkins\workspace\8-2-build-windows-amd64-cygwin\jdk8u271\605\hotspot\src\share\vm\runtime\sharedRuntime.cpp, line 609]
Event: 8.590 Thread 0x000001bc385c1000 Exception <a 'java/lang/ArrayIndexOutOfBoundsException'> (0x0000000771fc8958) thrown at [C:\jenkins\workspace\8-2-build-windows-amd64-cygwin\jdk8u271\605\hotspot\src\share\vm\runtime\sharedRuntime.cpp, line 609]
Event: 8.759 Thread 0x000001bc385c1000 Exception <a 'java/lang/ArrayIndexOutOfBoundsException'> (0x000000076bdb91e0) thrown at [C:\jenkins\workspace\8-2-build-windows-amd64-cygwin\jdk8u271\605\hotspot\src\share\vm\runtime\sharedRuntime.cpp, line 609]
Event: 8.783 Thread 0x000001bc385c1000 Exception <a 'java/lang/ArrayIndexOutOfBoundsException'> (0x000000076c244228) thrown at [C:\jenkins\workspace\8-2-build-windows-amd64-cygwin\jdk8u271\605\hotspot\src\share\vm\runtime\sharedRuntime.cpp, line 609]
Event: 8.787 Thread 0x000001bc385c1000 Exception <a 'java/lang/ArrayIndexOutOfBoundsException'> (0x000000076c273208) thrown at [C:\jenkins\workspace\8-2-build-windows-amd64-cygwin\jdk8u271\605\hotspot\src\share\vm\runtime\sharedRuntime.cpp, line 609]
Event: 15.215 Thread 0x000001bc385bb000 Exception <a 'java/lang/ArrayIndexOutOfBoundsException'> (0x000000076c91bb78) thrown at [C:\jenkins\workspace\8-2-build-windows-amd64-cygwin\jdk8u271\605\hotspot\src\share\vm\runtime\sharedRuntime.cpp, line 609]
Event: 15.813 Thread 0x000001bc385bb000 Exception <a 'java/io/FileNotFoundException'> (0x0000000771ded630) thrown at [C:\jenkins\workspace\8-2-build-windows-amd64-cygwin\jdk8u271\605\hotspot\src\share\vm\prims\jni.cpp, line 710]

Events (10 events):
Event: 15.812 loading class sun/util/CoreResourceBundleControl
Event: 15.812 loading class sun/util/CoreResourceBundleControl done
Event: 15.812 loading class sun/awt/resources/awt
Event: 15.812 loading class sun/awt/resources/awt done
Event: 15.812 loading class java/awt/Toolkit$3
Event: 15.812 loading class java/awt/Toolkit$3 done
Event: 15.813 loading class java/awt/Toolkit$1
Event: 15.813 loading class java/awt/Toolkit$1 done
Event: 15.813 loading class java/awt/GraphicsEnvironment
Event: 15.813 loading class java/awt/GraphicsEnvironment done


Dynamic libraries:
0x00007ff7bc6b0000 - 0x00007ff7bc6f7000 	C:\Program Files\Java\jdk1.8.0_271\bin\java.exe
0x00007ffcc60c0000 - 0x00007ffcc62b0000 	C:\WINDOWS\SYSTEM32\ntdll.dll
0x00007ffcc46b0000 - 0x00007ffcc4762000 	C:\WINDOWS\System32\KERNEL32.DLL
0x00007ffcc3130000 - 0x00007ffcc33d5000 	C:\WINDOWS\System32\KERNELBASE.dll
0x00007ffcc5110000 - 0x00007ffcc51b3000 	C:\WINDOWS\System32\ADVAPI32.dll
0x00007ffcc5690000 - 0x00007ffcc572e000 	C:\WINDOWS\System32\msvcrt.dll
0x00007ffcc4170000 - 0x00007ffcc4207000 	C:\WINDOWS\System32\sechost.dll
0x00007ffcc51c0000 - 0x00007ffcc52e0000 	C:\WINDOWS\System32\RPCRT4.dll
0x00007ffcc4220000 - 0x00007ffcc43b4000 	C:\WINDOWS\System32\USER32.dll
0x00007ffcc3730000 - 0x00007ffcc3751000 	C:\WINDOWS\System32\win32u.dll
0x00007ffcc57b0000 - 0x00007ffcc57d6000 	C:\WINDOWS\System32\GDI32.dll
0x00007ffcc34e0000 - 0x00007ffcc3676000 	C:\WINDOWS\System32\gdi32full.dll
0x00007ffcc3040000 - 0x00007ffcc30de000 	C:\WINDOWS\System32\msvcp_win.dll
0x00007ffcc33e0000 - 0x00007ffcc34da000 	C:\WINDOWS\System32\ucrtbase.dll
0x00007ffca92b0000 - 0x00007ffca9534000 	C:\WINDOWS\WinSxS\amd64_microsoft.windows.common-controls_6595b64144ccf1df_6.0.18362.1198_none_9e820b57e45ad92f\COMCTL32.dll
0x00007ffcc5350000 - 0x00007ffcc5685000 	C:\WINDOWS\System32\combase.dll
0x00007ffcc3780000 - 0x00007ffcc3800000 	C:\WINDOWS\System32\bcryptPrimitives.dll
0x00007ffcc4a40000 - 0x00007ffcc4a6e000 	C:\WINDOWS\System32\IMM32.DLL
0x00007ffcbe090000 - 0x00007ffcbe0a5000 	C:\Program Files\Java\jdk1.8.0_271\jre\bin\vcruntime140.dll
0x00007ffc9fd70000 - 0x00007ffc9fe0b000 	C:\Program Files\Java\jdk1.8.0_271\jre\bin\msvcp140.dll
0x00000000636d0000 - 0x0000000063f3f000 	C:\Program Files\Java\jdk1.8.0_271\jre\bin\server\jvm.dll
0x00007ffcc5980000 - 0x00007ffcc5988000 	C:\WINDOWS\System32\PSAPI.DLL
0x00007ffcc0eb0000 - 0x00007ffcc0ed4000 	C:\WINDOWS\SYSTEM32\WINMM.dll
0x00007ffcbe370000 - 0x00007ffcbe37a000 	C:\WINDOWS\SYSTEM32\VERSION.dll
0x00007ffcb3ef0000 - 0x00007ffcb3ef9000 	C:\WINDOWS\SYSTEM32\WSOCK32.dll
0x00007ffcc5910000 - 0x00007ffcc597f000 	C:\WINDOWS\System32\WS2_32.dll
0x00007ffcc0b10000 - 0x00007ffcc0b3d000 	C:\WINDOWS\SYSTEM32\WINMMBASE.dll
0x00007ffcc30e0000 - 0x00007ffcc312a000 	C:\WINDOWS\System32\cfgmgr32.dll
0x00007ffcc2fa0000 - 0x00007ffcc2fb1000 	C:\WINDOWS\System32\kernel.appcore.dll
0x00007ffcbfa50000 - 0x00007ffcbfa60000 	C:\Program Files\Java\jdk1.8.0_271\jre\bin\verify.dll
0x00007ffcba760000 - 0x00007ffcba78b000 	C:\Program Files\Java\jdk1.8.0_271\jre\bin\java.dll
0x00007ffcae990000 - 0x00007ffcae9c0000 	C:\Program Files\Java\jdk1.8.0_271\jre\bin\instrument.dll
0x00007ffcba740000 - 0x00007ffcba758000 	C:\Program Files\Java\jdk1.8.0_271\jre\bin\zip.dll
0x00007ffcc5990000 - 0x00007ffcc6077000 	C:\WINDOWS\System32\SHELL32.dll
0x00007ffcc4600000 - 0x00007ffcc46a9000 	C:\WINDOWS\System32\shcore.dll
0x00007ffcc3830000 - 0x00007ffcc3fb1000 	C:\WINDOWS\System32\windows.storage.dll
0x00007ffcc3010000 - 0x00007ffcc3033000 	C:\WINDOWS\System32\profapi.dll
0x00007ffcc2fc0000 - 0x00007ffcc300a000 	C:\WINDOWS\System32\powrprof.dll
0x00007ffcc2f70000 - 0x00007ffcc2f80000 	C:\WINDOWS\System32\UMPDC.dll
0x00007ffcc52f0000 - 0x00007ffcc5342000 	C:\WINDOWS\System32\shlwapi.dll
0x00007ffcc3760000 - 0x00007ffcc3777000 	C:\WINDOWS\System32\cryptsp.dll
0x00007ffcab9b0000 - 0x00007ffcab9ca000 	C:\Program Files\JetBrains\IntelliJ IDEA 2020.2.3\bin\breakgen64.dll
0x00007ffcac780000 - 0x00007ffcac79c000 	C:\Program Files\Java\jdk1.8.0_271\jre\bin\net.dll
0x00007ffcc27c0000 - 0x00007ffcc2827000 	C:\WINDOWS\system32\mswsock.dll
0x00007ffcc2510000 - 0x00007ffcc25db000 	C:\WINDOWS\SYSTEM32\DNSAPI.dll
0x00007ffcc52e0000 - 0x00007ffcc52e8000 	C:\WINDOWS\System32\NSI.dll
0x00007ffcc24d0000 - 0x00007ffcc250a000 	C:\WINDOWS\SYSTEM32\IPHLPAPI.DLL
0x00007ffcbc660000 - 0x00007ffcbc66a000 	C:\Windows\System32\rasadhlp.dll
0x00007ffcbdbe0000 - 0x00007ffcbdc57000 	C:\WINDOWS\System32\fwpuclnt.dll
0x00007ffcc3800000 - 0x00007ffcc3826000 	C:\WINDOWS\System32\bcrypt.dll
0x00007ffcb6c20000 - 0x00007ffcb6c2d000 	C:\Program Files\Java\jdk1.8.0_271\jre\bin\management.dll
0x00007ffcabed0000 - 0x00007ffcabee3000 	C:\Program Files\Java\jdk1.8.0_271\jre\bin\nio.dll
0x00007ffcc2330000 - 0x00007ffcc2363000 	C:\WINDOWS\system32\rsaenh.dll
0x00007ffcc2e90000 - 0x00007ffcc2eb5000 	C:\WINDOWS\SYSTEM32\USERENV.dll
0x00007ffcc2990000 - 0x00007ffcc299c000 	C:\WINDOWS\SYSTEM32\CRYPTBASE.dll
0x00007ffcbe3a0000 - 0x00007ffcbe3b6000 	C:\WINDOWS\SYSTEM32\dhcpcsvc6.DLL
0x00007ffcbe380000 - 0x00007ffcbe39c000 	C:\WINDOWS\SYSTEM32\dhcpcsvc.DLL
0x00007ffca9df0000 - 0x00007ffca9e06000 	C:\WINDOWS\system32\napinsp.dll
0x00007ffca9dd0000 - 0x00007ffca9dea000 	C:\WINDOWS\system32\pnrpnsp.dll
0x00007ffcabcb0000 - 0x00007ffcabcbe000 	C:\WINDOWS\System32\winrnr.dll
0x00007ffcbf740000 - 0x00007ffcbf75c000 	C:\WINDOWS\system32\NLAapi.dll
0x00007ffca9db0000 - 0x00007ffca9dc5000 	C:\WINDOWS\system32\wshbth.dll
0x00007ffca1aa0000 - 0x00007ffca1ac4000 	C:\Program Files\Java\jdk1.8.0_271\jre\bin\sunec.dll
0x00007ffc96210000 - 0x00007ffc962d7000 	C:\Users\Shekrba\.javacpp\cache\ffmpeg-3.4.2-1.4.1-windows-x86_64.jar\org\bytedeco\javacpp\windows-x86_64\avutil-55.dll
0x000000006fe00000 - 0x000000006fed2000 	C:\Users\Shekrba\.javacpp\cache\ffmpeg-3.4.2-1.4.1-windows-x86_64.jar\org\bytedeco\javacpp\windows-x86_64\jniavutil.dll
0x00007ffc9fb30000 - 0x00007ffc9fb58000 	C:\Users\Shekrba\.javacpp\cache\ffmpeg-3.4.2-1.4.1-windows-x86_64.jar\org\bytedeco\javacpp\windows-x86_64\swresample-2.dll
0x0000000070080000 - 0x00000000700ae000 	C:\Users\Shekrba\.javacpp\cache\ffmpeg-3.4.2-1.4.1-windows-x86_64.jar\org\bytedeco\javacpp\windows-x86_64\jniswresample.dll
0x00007ffc5d6c0000 - 0x00007ffc5f669000 	C:\Users\Shekrba\.javacpp\cache\ffmpeg-3.4.2-1.4.1-windows-x86_64.jar\org\bytedeco\javacpp\windows-x86_64\avcodec-57.dll
0x00007ffcc4ee0000 - 0x00007ffcc5037000 	C:\WINDOWS\System32\ole32.dll
0x000000006a1c0000 - 0x000000006a44d000 	C:\Users\Shekrba\.javacpp\cache\ffmpeg-3.4.2-1.4.1-windows-x86_64.jar\org\bytedeco\javacpp\windows-x86_64\jniavcodec.dll
0x00007ffc95c70000 - 0x00007ffc960bd000 	C:\Users\Shekrba\.javacpp\cache\ffmpeg-3.4.2-1.4.1-windows-x86_64.jar\org\bytedeco\javacpp\windows-x86_64\avformat-57.dll
0x00007ffcc3fc0000 - 0x00007ffcc4109000 	C:\WINDOWS\System32\CRYPT32.dll
0x00007ffcc2f80000 - 0x00007ffcc2f92000 	C:\WINDOWS\System32\MSASN1.dll
0x00007ffcb07e0000 - 0x00007ffcb07ec000 	C:\WINDOWS\SYSTEM32\Secur32.dll
0x00007ffcc2e50000 - 0x00007ffcc2e87000 	C:\WINDOWS\SYSTEM32\SSPICLI.DLL
0x000000006abc0000 - 0x000000006ad0a000 	C:\Users\Shekrba\.javacpp\cache\ffmpeg-3.4.2-1.4.1-windows-x86_64.jar\org\bytedeco\javacpp\windows-x86_64\jniavformat.dll
0x00007ffc96170000 - 0x00007ffc96204000 	C:\Users\Shekrba\.javacpp\cache\ffmpeg-3.4.2-1.4.1-windows-x86_64.jar\org\bytedeco\javacpp\windows-x86_64\swscale-4.dll
0x0000000067cc0000 - 0x0000000067cf6000 	C:\Users\Shekrba\.javacpp\cache\ffmpeg-3.4.2-1.4.1-windows-x86_64.jar\org\bytedeco\javacpp\windows-x86_64\jniswscale.dll
0x00007ffc9ee60000 - 0x00007ffc9ee8a000 	C:\Users\Shekrba\.javacpp\cache\ffmpeg-3.4.2-1.4.1-windows-x86_64.jar\org\bytedeco\javacpp\windows-x86_64\postproc-54.dll
0x000000006a0c0000 - 0x000000006a0ec000 	C:\Users\Shekrba\.javacpp\cache\ffmpeg-3.4.2-1.4.1-windows-x86_64.jar\org\bytedeco\javacpp\windows-x86_64\jnipostproc.dll
0x00007ffc85250000 - 0x00007ffc855a9000 	C:\Users\Shekrba\.javacpp\cache\ffmpeg-3.4.2-1.4.1-windows-x86_64.jar\org\bytedeco\javacpp\windows-x86_64\avfilter-6.dll
0x0000000064400000 - 0x0000000064478000 	C:\Users\Shekrba\.javacpp\cache\ffmpeg-3.4.2-1.4.1-windows-x86_64.jar\org\bytedeco\javacpp\windows-x86_64\jniavfilter.dll
0x00007ffc9cde0000 - 0x00007ffc9ce0d000 	C:\Users\Shekrba\.javacpp\cache\ffmpeg-3.4.2-1.4.1-windows-x86_64.jar\org\bytedeco\javacpp\windows-x86_64\avdevice-57.dll
0x00007ffcc57e0000 - 0x00007ffcc58a5000 	C:\WINDOWS\System32\OLEAUT32.dll
0x00007ffca1a80000 - 0x00007ffca1a98000 	C:\WINDOWS\SYSTEM32\AVICAP32.dll
0x00007ffc9cd10000 - 0x00007ffc9cd39000 	C:\WINDOWS\SYSTEM32\MSVFW32.dll
0x0000000000510000 - 0x0000000000549000 	C:\Users\Shekrba\.javacpp\cache\ffmpeg-3.4.2-1.4.1-windows-x86_64.jar\org\bytedeco\javacpp\windows-x86_64\jniavdevice.dll
0x00007ffc954e0000 - 0x00007ffc95674000 	C:\Program Files\Java\jdk1.8.0_271\jre\bin\awt.dll
0x00007ffcc1160000 - 0x00007ffcc11ef000 	C:\WINDOWS\SYSTEM32\apphelp.dll
0x00007ffcb51d0000 - 0x00007ffcb53c4000 	C:\WINDOWS\SYSTEM32\dbghelp.dll

VM Arguments:
jvm_args: -XX:TieredStopAtLevel=1 -Xverify:none -Dspring.output.ansi.enabled=always -Dcom.sun.management.jmxremote -Dspring.jmx.enabled=true -Dspring.liveBeansView.mbeanDomain -Dspring.application.admin.enabled=true -javaagent:C:\Program Files\JetBrains\IntelliJ IDEA 2020.2.3\lib\idea_rt.jar=64680:C:\Program Files\JetBrains\IntelliJ IDEA 2020.2.3\bin -Dfile.encoding=UTF-8 
java_command: com.example.youtubeTwo.YoutubeTwoApplication
java_class_path (initial): C:\Program Files\Java\jdk1.8.0_271\jre\lib\charsets.jar;C:\Program Files\Java\jdk1.8.0_271\jre\lib\deploy.jar;C:\Program Files\Java\jdk1.8.0_271\jre\lib\ext\access-bridge-64.jar;C:\Program Files\Java\jdk1.8.0_271\jre\lib\ext\cldrdata.jar;C:\Program Files\Java\jdk1.8.0_271\jre\lib\ext\dnsns.jar;C:\Program Files\Java\jdk1.8.0_271\jre\lib\ext\jaccess.jar;C:\Program Files\Java\jdk1.8.0_271\jre\lib\ext\jfxrt.jar;C:\Program Files\Java\jdk1.8.0_271\jre\lib\ext\localedata.jar;C:\Program Files\Java\jdk1.8.0_271\jre\lib\ext\nashorn.jar;C:\Program Files\Java\jdk1.8.0_271\jre\lib\ext\sunec.jar;C:\Program Files\Java\jdk1.8.0_271\jre\lib\ext\sunjce_provider.jar;C:\Program Files\Java\jdk1.8.0_271\jre\lib\ext\sunmscapi.jar;C:\Program Files\Java\jdk1.8.0_271\jre\lib\ext\sunpkcs11.jar;C:\Program Files\Java\jdk1.8.0_271\jre\lib\ext\zipfs.jar;C:\Program Files\Java\jdk1.8.0_271\jre\lib\javaws.jar;C:\Program Files\Java\jdk1.8.0_271\jre\lib\jce.jar;C:\Program Files\Java\jdk1.8.0_271\jre\lib\jfr.jar;C:\Program Files\Java\jdk1.8.0_271\jre\lib\jfxswt.jar;C:\Program Files\Java\jdk1.8.0_271\jre\lib\jsse.jar;C:\Program Files\Java\jdk1.8.0_271\jre\lib\management-agent.jar;C:\Program Files\Java\jdk1.8.0_271\jre\lib\plugin.jar;C:\Program Files\Java\jdk1.8.0_271\jre\lib\resources.jar;C:\Program Files\Java\jdk1.8.0_271\jre\lib\rt.jar;C:\Users\Shekrba\Documents\Projects\You2be\youtubeTwo\target\classes;C:\Users\Shekrba\.m2\repository\org\springframework\boot\spring-boot-starter-data-jpa\2.3.4.RELEASE\spring-boot-starter-data-jpa-2.3.4.RELEASE.jar;C:\Users\Shekrba\.m2\repository\org\springframework\boot\spring-boot-starter-aop\2.3.4.RELEASE\spring-boot-starter-aop-2.3.4.RELEASE.jar;C:\Users\Shekrba\.m2\repository\org\aspectj\aspectjweaver\1.9.6\aspectjweaver-1.9.6.jar;C:\Users\Shekrba\.m2\repository\org\springframework\boot\spring-boot-starter-jdbc\2.3.4.RELEASE\spring-boot-starter-jdbc-2.3.4.RELEASE.jar;C:\Users\Shekrba\.m2\repository\com\zaxxer\HikariCP\3.4.5\HikariCP-3.
Launcher Type: SUN_STANDARD

Environment Variables:
PATH=C:\Program Files (x86)\Razer Chroma SDK\bin;C:\Program Files\Razer Chroma SDK\bin;C:\Program Files (x86)\Razer\ChromaBroadcast\bin;C:\Program Files\Razer\ChromaBroadcast\bin;C:\Program Files (x86)\Google\Chrome\Application;C:\Program Files (x86)\Common Files\Oracle\Java\javapath;C:\Windows\system32;C:\Windows;C:\Windows\System32\Wbem;C:\Windows\System32\WindowsPowerShell\v1.0\;C:\Windows\System32\OpenSSH\;C:\Program Files (x86)\Intel\Intel(R) Management Engine Components\DAL;C:\Program Files\Intel\Intel(R) Management Engine Components\DAL;C:\Program Files (x86)\NVIDIA Corporation\PhysX\Common;C:\Program Files\NVIDIA Corporation\NVIDIA NvDLISR;C:\WINDOWS\system32;C:\WINDOWS;C:\WINDOWS\System32\Wbem;C:\WINDOWS\System32\WindowsPowerShell\v1.0\;C:\WINDOWS\System32\OpenSSH\;C:\Users\Shekrba\AppData\Local\Microsoft\WindowsApps;C:\WINDOWS\system32\config\systemprofile\AppData\Local\Microsoft\WindowsApps;C:\Program Files\nodejs\;C:\Program Files\Git\cmd;C:\Program Files\MySQL\MySQL Shell 8.0\bin\;C:\Users\Shekrba\AppData\Local\Microsoft\WindowsApps;;C:\Users\Shekrba\AppData\Local\Programs\Microsoft VS Code\bin;C:\Users\Shekrba\AppData\Roaming\npm
USERNAME=Shekrba
OS=Windows_NT
PROCESSOR_IDENTIFIER=Intel64 Family 6 Model 158 Stepping 13, GenuineIntel



---------------  S Y S T E M  ---------------

OS: Windows 10.0 , 64 bit Build 18362 (10.0.18362.1110)

CPU:total 8 (initial active 8) (8 cores per cpu, 1 threads per core) family 6 model 158 stepping 13, cmov, cx8, fxsr, mmx, sse, sse2, sse3, ssse3, sse4.1, sse4.2, popcnt, avx, avx2, aes, clmul, erms, rtm, 3dnowpref, lzcnt, tsc, tscinvbit, bmi1, bmi2, adx

Memory: 4k page, physical 16707076k(8560948k free), swap 19416360k(5185688k free)

vm_info: Java HotSpot(TM) 64-Bit Server VM (25.271-b09) for windows-amd64 JRE (1.8.0_271-b09), built on Sep 16 2020 19:14:59 by "" with MS VC++ 15.9 (VS2017)

time: Sun Dec  6 14:38:54 2020
timezone: Central Europe Standard Time
elapsed time: 15.823412 seconds (0d 0h 0m 15s)

